<?xml version="1.0" encoding="UTF-8"?>
<testng-results skipped="0" failed="1" total="6" passed="5">
  <reporter-output>
  </reporter-output>
  <suite name="Command line suite" duration-ms="59362" started-at="2019-04-23T09:10:17Z" finished-at="2019-04-23T09:11:16Z">
    <groups>
    </groups>
    <test name="Command line test" duration-ms="59362" started-at="2019-04-23T09:10:17Z" finished-at="2019-04-23T09:11:16Z">
      <class name="com.crm.qa.testcases.HomePageTest">
        <test-method status="PASS" signature="setup()[pri:0, instance:com.crm.qa.testcases.HomePageTest@13c78c0b]" name="setup" is-config="true" duration-ms="12694" started-at="2019-04-23T14:40:18Z" finished-at="2019-04-23T14:40:30Z">
          <reporter-output>
          </reporter-output>
        </test-method> <!-- setup -->
        <test-method status="PASS" signature="verifyContactsLinkTest()[pri:0, instance:com.crm.qa.testcases.HomePageTest@13c78c0b]" name="verifyContactsLinkTest" duration-ms="1230" started-at="2019-04-23T14:40:30Z" finished-at="2019-04-23T14:40:32Z">
          <reporter-output>
          </reporter-output>
        </test-method> <!-- verifyContactsLinkTest -->
        <test-method status="PASS" signature="tearDown()[pri:0, instance:com.crm.qa.testcases.HomePageTest@13c78c0b]" name="tearDown" is-config="true" duration-ms="129" started-at="2019-04-23T14:40:32Z" finished-at="2019-04-23T14:40:32Z">
          <reporter-output>
          </reporter-output>
        </test-method> <!-- tearDown -->
        <test-method status="PASS" signature="setup()[pri:0, instance:com.crm.qa.testcases.HomePageTest@13c78c0b]" name="setup" is-config="true" duration-ms="11579" started-at="2019-04-23T14:40:32Z" finished-at="2019-04-23T14:40:43Z">
          <reporter-output>
          </reporter-output>
        </test-method> <!-- setup -->
        <test-method status="PASS" signature="verifyHomePageTitleTest()[pri:0, instance:com.crm.qa.testcases.HomePageTest@13c78c0b]" name="verifyHomePageTitleTest" duration-ms="14" started-at="2019-04-23T14:40:43Z" finished-at="2019-04-23T14:40:43Z">
          <reporter-output>
          </reporter-output>
        </test-method> <!-- verifyHomePageTitleTest -->
        <test-method status="PASS" signature="tearDown()[pri:0, instance:com.crm.qa.testcases.HomePageTest@13c78c0b]" name="tearDown" is-config="true" duration-ms="110" started-at="2019-04-23T14:40:43Z" finished-at="2019-04-23T14:40:43Z">
          <reporter-output>
          </reporter-output>
        </test-method> <!-- tearDown -->
        <test-method status="PASS" signature="setup()[pri:0, instance:com.crm.qa.testcases.HomePageTest@13c78c0b]" name="setup" is-config="true" duration-ms="12031" started-at="2019-04-23T14:40:43Z" finished-at="2019-04-23T14:40:55Z">
          <reporter-output>
          </reporter-output>
        </test-method> <!-- setup -->
        <test-method status="PASS" signature="verifyUsernameTest()[pri:0, instance:com.crm.qa.testcases.HomePageTest@13c78c0b]" name="verifyUsernameTest" duration-ms="83" started-at="2019-04-23T14:40:55Z" finished-at="2019-04-23T14:40:55Z">
          <reporter-output>
          </reporter-output>
        </test-method> <!-- verifyUsernameTest -->
        <test-method status="PASS" signature="tearDown()[pri:0, instance:com.crm.qa.testcases.HomePageTest@13c78c0b]" name="tearDown" is-config="true" duration-ms="104" started-at="2019-04-23T14:40:55Z" finished-at="2019-04-23T14:40:56Z">
          <reporter-output>
          </reporter-output>
        </test-method> <!-- tearDown -->
      </class> <!-- com.crm.qa.testcases.HomePageTest -->
      <class name="com.crm.qa.testcases.ContactsPageTest">
        <test-method status="FAIL" signature="validatecreateNewContacts(java.lang.String, java.lang.String, java.lang.String, java.lang.String)[pri:0, instance:com.crm.qa.testcases.ContactsPageTest@12843fce]" name="validatecreateNewContacts" duration-ms="0" started-at="2019-04-23T14:40:18Z" data-provider="getCrmTestData" finished-at="2019-04-23T14:40:18Z">
          <exception class="java.lang.RuntimeException">
            <message>
              <![CDATA[java.lang.NullPointerException]]>
            </message>
            <full-stacktrace>
              <![CDATA[java.lang.RuntimeException: java.lang.NullPointerException
	at org.testng.internal.MethodInvocationHelper.invokeDataProvider(MethodInvocationHelper.java:143)
	at org.testng.internal.Parameters.handleParameters(Parameters.java:426)
	at org.testng.internal.Invoker.handleParameters(Invoker.java:1383)
	at org.testng.internal.Invoker.createParameters(Invoker.java:1075)
	at org.testng.internal.Invoker.invokeTestMethods(Invoker.java:1180)
	at org.testng.internal.TestMethodWorker.invokeTestMethods(TestMethodWorker.java:127)
	at org.testng.internal.TestMethodWorker.run(TestMethodWorker.java:111)
	at org.testng.TestRunner.privateRun(TestRunner.java:767)
	at org.testng.TestRunner.run(TestRunner.java:617)
	at org.testng.SuiteRunner.runTest(SuiteRunner.java:334)
	at org.testng.SuiteRunner.runSequentially(SuiteRunner.java:329)
	at org.testng.SuiteRunner.privateRun(SuiteRunner.java:291)
	at org.testng.SuiteRunner.run(SuiteRunner.java:240)
	at org.testng.SuiteRunnerWorker.runSuite(SuiteRunnerWorker.java:52)
	at org.testng.SuiteRunnerWorker.run(SuiteRunnerWorker.java:86)
	at org.testng.TestNG.runSuitesSequentially(TestNG.java:1198)
	at org.testng.TestNG.runSuitesLocally(TestNG.java:1123)
	at org.testng.TestNG.run(TestNG.java:1031)
	at org.apache.maven.surefire.testng.TestNGExecutor.run(TestNGExecutor.java:77)
	at org.apache.maven.surefire.testng.TestNGDirectoryTestSuite.executeMulti(TestNGDirectoryTestSuite.java:159)
	at org.apache.maven.surefire.testng.TestNGDirectoryTestSuite.execute(TestNGDirectoryTestSuite.java:99)
	at org.apache.maven.surefire.testng.TestNGProvider.invoke(TestNGProvider.java:106)
	at sun.reflect.NativeMethodAccessorImpl.invoke0(Native Method)
	at sun.reflect.NativeMethodAccessorImpl.invoke(NativeMethodAccessorImpl.java:62)
	at sun.reflect.DelegatingMethodAccessorImpl.invoke(DelegatingMethodAccessorImpl.java:43)
	at java.lang.reflect.Method.invoke(Method.java:498)
	at org.apache.maven.surefire.util.ReflectionUtils.invokeMethodWithArray(ReflectionUtils.java:189)
	at org.apache.maven.surefire.booter.ProviderFactory$ProviderProxy.invoke(ProviderFactory.java:165)
	at org.apache.maven.surefire.booter.ProviderFactory.invokeProvider(ProviderFactory.java:85)
	at org.apache.maven.surefire.booter.ForkedBooter.runSuitesInProcess(ForkedBooter.java:115)
	at org.apache.maven.surefire.booter.ForkedBooter.main(ForkedBooter.java:75)
Caused by: java.lang.NullPointerException
	at com.crm.qa.utilities.TestUtil.getTestData(TestUtil.java:28)
	at com.crm.qa.testcases.ContactsPageTest.getCrmTestData(ContactsPageTest.java:43)
	at sun.reflect.NativeMethodAccessorImpl.invoke0(Native Method)
	at sun.reflect.NativeMethodAccessorImpl.invoke(NativeMethodAccessorImpl.java:62)
	at sun.reflect.DelegatingMethodAccessorImpl.invoke(DelegatingMethodAccessorImpl.java:43)
	at java.lang.reflect.Method.invoke(Method.java:498)
	at org.testng.internal.MethodInvocationHelper.invokeMethod(MethodInvocationHelper.java:80)
	at org.testng.internal.MethodInvocationHelper.invokeDataProvider(MethodInvocationHelper.java:117)
	... 30 more
]]>
            </full-stacktrace>
          </exception> <!-- java.lang.RuntimeException -->
          <reporter-output>
          </reporter-output>
        </test-method> <!-- validatecreateNewContacts -->
        <test-method status="PASS" signature="setup()[pri:0, instance:com.crm.qa.testcases.ContactsPageTest@12843fce]" name="setup" is-config="true" duration-ms="13213" started-at="2019-04-23T14:41:03Z" finished-at="2019-04-23T14:41:16Z">
          <reporter-output>
          </reporter-output>
        </test-method> <!-- setup -->
        <test-method status="PASS" signature="verifyContactsLabelTest()[pri:0, instance:com.crm.qa.testcases.ContactsPageTest@12843fce]" name="verifyContactsLabelTest" duration-ms="35" started-at="2019-04-23T14:41:16Z" finished-at="2019-04-23T14:41:16Z">
          <reporter-output>
          </reporter-output>
        </test-method> <!-- verifyContactsLabelTest -->
        <test-method status="PASS" signature="abc()[pri:0, instance:com.crm.qa.testcases.ContactsPageTest@12843fce]" name="abc" is-config="true" duration-ms="137" started-at="2019-04-23T14:41:16Z" finished-at="2019-04-23T14:41:16Z">
          <reporter-output>
          </reporter-output>
        </test-method> <!-- abc -->
      </class> <!-- com.crm.qa.testcases.ContactsPageTest -->
      <class name="com.crm.qa.testcases.LoginPageTest">
        <test-method status="PASS" signature="setup()[pri:0, instance:com.crm.qa.testcases.LoginPageTest@54a097cc]" name="setup" is-config="true" duration-ms="7011" started-at="2019-04-23T14:40:56Z" finished-at="2019-04-23T14:41:03Z">
          <reporter-output>
          </reporter-output>
        </test-method> <!-- setup -->
        <test-method status="PASS" signature="LoginPageTitleTest()[pri:0, instance:com.crm.qa.testcases.LoginPageTest@54a097cc]" name="LoginPageTitleTest" duration-ms="18" started-at="2019-04-23T14:41:03Z" finished-at="2019-04-23T14:41:03Z">
          <reporter-output>
          </reporter-output>
        </test-method> <!-- LoginPageTitleTest -->
        <test-method status="PASS" signature="abc()[pri:0, instance:com.crm.qa.testcases.LoginPageTest@54a097cc]" name="abc" is-config="true" duration-ms="169" started-at="2019-04-23T14:41:03Z" finished-at="2019-04-23T14:41:03Z">
          <reporter-output>
          </reporter-output>
        </test-method> <!-- abc -->
      </class> <!-- com.crm.qa.testcases.LoginPageTest -->
    </test> <!-- Command line test -->
  </suite> <!-- Command line suite -->
</testng-results>
