<?xml version="1.0" encoding="UTF-8"?>
<testng-results skipped="0" failed="1" total="6" passed="5">
  <reporter-output>
  </reporter-output>
  <suite name="FREE_CRM_REGRESSION_SUITE-1" duration-ms="116405" started-at="2019-05-04T11:32:17Z" finished-at="2019-05-04T11:34:14Z">
    <groups>
    </groups>
    <test name="FreeCRMTEST" duration-ms="116405" started-at="2019-05-04T11:32:17Z" finished-at="2019-05-04T11:34:14Z">
      <class name="com.crm.qa.testcases.HomePageTest">
        <test-method status="PASS" signature="setup()[pri:0, instance:com.crm.qa.testcases.HomePageTest@6093dd95]" name="setup" is-config="true" duration-ms="21707" started-at="2019-05-04T17:02:46Z" finished-at="2019-05-04T17:03:07Z">
          <reporter-output>
          </reporter-output>
        </test-method> <!-- setup -->
        <test-method status="PASS" signature="verifyContactsLinkTest()[pri:0, instance:com.crm.qa.testcases.HomePageTest@6093dd95]" name="verifyContactsLinkTest" duration-ms="2057" started-at="2019-05-04T17:03:07Z" finished-at="2019-05-04T17:03:09Z">
          <reporter-output>
          </reporter-output>
        </test-method> <!-- verifyContactsLinkTest -->
        <test-method status="PASS" signature="tearDown()[pri:0, instance:com.crm.qa.testcases.HomePageTest@6093dd95]" name="tearDown" is-config="true" duration-ms="102" started-at="2019-05-04T17:03:09Z" finished-at="2019-05-04T17:03:10Z">
          <reporter-output>
          </reporter-output>
        </test-method> <!-- tearDown -->
        <test-method status="PASS" signature="setup()[pri:0, instance:com.crm.qa.testcases.HomePageTest@6093dd95]" name="setup" is-config="true" duration-ms="21213" started-at="2019-05-04T17:03:10Z" finished-at="2019-05-04T17:03:31Z">
          <reporter-output>
          </reporter-output>
        </test-method> <!-- setup -->
        <test-method status="PASS" signature="verifyHomePageTitleTest()[pri:0, instance:com.crm.qa.testcases.HomePageTest@6093dd95]" name="verifyHomePageTitleTest" duration-ms="16" started-at="2019-05-04T17:03:31Z" finished-at="2019-05-04T17:03:31Z">
          <reporter-output>
          </reporter-output>
        </test-method> <!-- verifyHomePageTitleTest -->
        <test-method status="PASS" signature="tearDown()[pri:0, instance:com.crm.qa.testcases.HomePageTest@6093dd95]" name="tearDown" is-config="true" duration-ms="481" started-at="2019-05-04T17:03:31Z" finished-at="2019-05-04T17:03:31Z">
          <reporter-output>
          </reporter-output>
        </test-method> <!-- tearDown -->
        <test-method status="PASS" signature="setup()[pri:0, instance:com.crm.qa.testcases.HomePageTest@6093dd95]" name="setup" is-config="true" duration-ms="16201" started-at="2019-05-04T17:03:31Z" finished-at="2019-05-04T17:03:48Z">
          <reporter-output>
          </reporter-output>
        </test-method> <!-- setup -->
        <test-method status="PASS" signature="verifyUsernameTest()[pri:0, instance:com.crm.qa.testcases.HomePageTest@6093dd95]" name="verifyUsernameTest" duration-ms="365" started-at="2019-05-04T17:03:48Z" finished-at="2019-05-04T17:03:48Z">
          <reporter-output>
          </reporter-output>
        </test-method> <!-- verifyUsernameTest -->
        <test-method status="PASS" signature="tearDown()[pri:0, instance:com.crm.qa.testcases.HomePageTest@6093dd95]" name="tearDown" is-config="true" duration-ms="143" started-at="2019-05-04T17:03:48Z" finished-at="2019-05-04T17:03:48Z">
          <reporter-output>
          </reporter-output>
        </test-method> <!-- tearDown -->
      </class> <!-- com.crm.qa.testcases.HomePageTest -->
      <class name="com.crm.qa.testcases.ContactsPageTest">
        <test-method status="FAIL" signature="validatecreateNewContacts(java.lang.String, java.lang.String, java.lang.String, java.lang.String)[pri:0, instance:com.crm.qa.testcases.ContactsPageTest@66a3ffec]" name="validatecreateNewContacts" duration-ms="0" started-at="2019-05-04T17:03:48Z" data-provider="getCrmTestData" finished-at="2019-05-04T17:03:48Z">
          <exception class="java.lang.RuntimeException">
            <message>
              <![CDATA[java.io.FileNotFoundException: C:\TestData\contactstestdata.xlsx (The system cannot find the path specified)]]>
            </message>
            <full-stacktrace>
              <![CDATA[java.lang.RuntimeException: java.io.FileNotFoundException: C:\TestData\contactstestdata.xlsx (The system cannot find the path specified)
	at org.testng.internal.MethodInvocationHelper.invokeDataProvider(MethodInvocationHelper.java:143)
	at org.testng.internal.Parameters.handleParameters(Parameters.java:426)
	at org.testng.internal.Invoker.handleParameters(Invoker.java:1383)
	at org.testng.internal.Invoker.createParameters(Invoker.java:1075)
	at org.testng.internal.Invoker.invokeTestMethods(Invoker.java:1180)
	at org.testng.internal.TestMethodWorker.invokeTestMethods(TestMethodWorker.java:127)
	at org.testng.internal.TestMethodWorker.run(TestMethodWorker.java:111)
	at org.testng.TestRunner.privateRun(TestRunner.java:767)
	at org.testng.TestRunner.run(TestRunner.java:617)
	at org.testng.SuiteRunner.runTest(SuiteRunner.java:334)
	at org.testng.SuiteRunner.runSequentially(SuiteRunner.java:329)
	at org.testng.SuiteRunner.privateRun(SuiteRunner.java:291)
	at org.testng.SuiteRunner.run(SuiteRunner.java:240)
	at org.testng.SuiteRunnerWorker.runSuite(SuiteRunnerWorker.java:52)
	at org.testng.SuiteRunnerWorker.run(SuiteRunnerWorker.java:86)
	at org.testng.TestNG.runSuitesSequentially(TestNG.java:1198)
	at org.testng.TestNG.runSuitesLocally(TestNG.java:1123)
	at org.testng.TestNG.run(TestNG.java:1031)
	at org.testng.remote.AbstractRemoteTestNG.run(AbstractRemoteTestNG.java:126)
	at org.testng.remote.RemoteTestNG.initAndRun(RemoteTestNG.java:152)
	at org.testng.remote.RemoteTestNG.main(RemoteTestNG.java:57)
Caused by: java.io.FileNotFoundException: C:\TestData\contactstestdata.xlsx (The system cannot find the path specified)
	at java.io.FileInputStream.open0(Native Method)
	at java.io.FileInputStream.open(Unknown Source)
	at java.io.FileInputStream.<init>(Unknown Source)
	at java.io.FileInputStream.<init>(Unknown Source)
	at com.crm.qa.utilities.TestUtil.getTestData(TestUtil.java:25)
	at com.crm.qa.testcases.ContactsPageTest.getCrmTestData(ContactsPageTest.java:43)
	at sun.reflect.NativeMethodAccessorImpl.invoke0(Native Method)
	at sun.reflect.NativeMethodAccessorImpl.invoke(Unknown Source)
	at sun.reflect.DelegatingMethodAccessorImpl.invoke(Unknown Source)
	at java.lang.reflect.Method.invoke(Unknown Source)
	at org.testng.internal.MethodInvocationHelper.invokeMethod(MethodInvocationHelper.java:80)
	at org.testng.internal.MethodInvocationHelper.invokeDataProvider(MethodInvocationHelper.java:117)
	... 20 more
]]>
            </full-stacktrace>
          </exception> <!-- java.lang.RuntimeException -->
          <reporter-output>
          </reporter-output>
        </test-method> <!-- validatecreateNewContacts -->
        <test-method status="PASS" signature="setup()[pri:0, instance:com.crm.qa.testcases.ContactsPageTest@66a3ffec]" name="setup" is-config="true" duration-ms="25462" started-at="2019-05-04T17:03:48Z" finished-at="2019-05-04T17:04:13Z">
          <reporter-output>
          </reporter-output>
        </test-method> <!-- setup -->
        <test-method status="PASS" signature="verifyContactsLabelTest()[pri:0, instance:com.crm.qa.testcases.ContactsPageTest@66a3ffec]" name="verifyContactsLabelTest" duration-ms="36" started-at="2019-05-04T17:04:13Z" finished-at="2019-05-04T17:04:14Z">
          <reporter-output>
          </reporter-output>
        </test-method> <!-- verifyContactsLabelTest -->
        <test-method status="PASS" signature="abc()[pri:0, instance:com.crm.qa.testcases.ContactsPageTest@66a3ffec]" name="abc" is-config="true" duration-ms="103" started-at="2019-05-04T17:04:14Z" finished-at="2019-05-04T17:04:14Z">
          <reporter-output>
          </reporter-output>
        </test-method> <!-- abc -->
      </class> <!-- com.crm.qa.testcases.ContactsPageTest -->
      <class name="com.crm.qa.testcases.LoginPageTest">
        <test-method status="PASS" signature="setup()[pri:0, instance:com.crm.qa.testcases.LoginPageTest@5622fdf]" name="setup" is-config="true" duration-ms="28198" started-at="2019-05-04T17:02:17Z" finished-at="2019-05-04T17:02:45Z">
          <reporter-output>
          </reporter-output>
        </test-method> <!-- setup -->
        <test-method status="PASS" signature="LoginPageTitleTest()[pri:0, instance:com.crm.qa.testcases.LoginPageTest@5622fdf]" name="LoginPageTitleTest" duration-ms="32" started-at="2019-05-04T17:02:45Z" finished-at="2019-05-04T17:02:45Z">
          <reporter-output>
          </reporter-output>
        </test-method> <!-- LoginPageTitleTest -->
        <test-method status="PASS" signature="abc()[pri:0, instance:com.crm.qa.testcases.LoginPageTest@5622fdf]" name="abc" is-config="true" duration-ms="257" started-at="2019-05-04T17:02:45Z" finished-at="2019-05-04T17:02:46Z">
          <reporter-output>
          </reporter-output>
        </test-method> <!-- abc -->
      </class> <!-- com.crm.qa.testcases.LoginPageTest -->
    </test> <!-- FreeCRMTEST -->
  </suite> <!-- FREE_CRM_REGRESSION_SUITE-1 -->
</testng-results>
