<?xml version="1.0" encoding="UTF-8"?>
<!-- Generated by org.testng.reporters.JUnitXMLReporter -->
<testsuite hostname="LAPTOP-QLT5U75C" name="FreeCRMTEST" tests="6" failures="0" timestamp="4 May 2019 11:34:14 GMT" time="116.405" errors="0">
  <testcase name="LoginPageTitleTest" time="0.032" classname="com.crm.qa.testcases.LoginPageTest"/>
  <testcase name="verifyContactsLinkTest" time="2.057" classname="com.crm.qa.testcases.HomePageTest"/>
  <testcase name="verifyHomePageTitleTest" time="0.016" classname="com.crm.qa.testcases.HomePageTest"/>
  <testcase name="verifyUsernameTest" time="0.365" classname="com.crm.qa.testcases.HomePageTest"/>
  <testcase name="validatecreateNewContacts" time="0.003" classname="com.crm.qa.testcases.ContactsPageTest">
    <skipped/>
  </testcase> <!-- validatecreateNewContacts -->
  <testcase name="verifyContactsLabelTest" time="0.036" classname="com.crm.qa.testcases.ContactsPageTest"/>
</testsuite> <!-- FreeCRMTEST -->
